# JRE version: Java(TM) SE Runtime Environment (18.0.2.1+1) (build 18.0.2.1+1-1)
# Java VM: Java HotSpot(TM) 64-Bit Server VM (18.0.2.1+1-1, mixed mode, emulated-client, sharing, tiered, compressed oops, compressed class ptrs, g1 gc, bsd-aarch64)
GC Precious Log:
 CardTable entry size: 512
 Card Set container configuration: InlinePtr #cards 5 size 8 Array Of Cards #cards 12 size 40 Howl #buckets 4 coarsen threshold 1843 Howl Bitmap #cards 512 size 80 coarsen threshold 460 Card regions per heap region 1 cards per card region 2048
 CPUs: 8 total, 8 available
 Memory: 8192M
 Large Page Support: Disabled
 NUMA Support: Disabled
 Compressed Oops: Enabled (Zero based)
 Heap Region Size: 1M
 Heap Min Capacity: 8M
 Heap Initial Capacity: 128M
 Heap Max Capacity: 2G
 Pre-touch: Disabled
 Parallel Workers: 8
 Concurrent Workers: 2
 Concurrent Refinement Workers: 8
 Periodic GC: Disabled
Heap:
 garbage-first heap   total 208896K, used 91663K [0x0000000780000000, 0x0000000800000000)
  region size 1024K, 29 young (29696K), 2 survivors (2048K)
 Metaspace       used 109246K, committed 110144K, reserved 1179648K
  class space    used 14209K, committed 14656K, reserved 1048576K
GC Heap History (20 events):
Event: 613.922 GC heap before
{Heap before GC invocations=158 (full 4):
 garbage-first heap   total 337920K, used 335701K [0x0000000780000000, 0x0000000800000000)
  region size 1024K, 160 young (163840K), 1 survivors (1024K)
 Metaspace       used 107256K, committed 108096K, reserved 1179648K
  class space    used 13972K, committed 14400K, reserved 1048576K
}
Event: 613.924 GC heap after
{Heap after GC invocations=159 (full 4):
 garbage-first heap   total 338944K, used 161800K [0x0000000780000000, 0x0000000800000000)
  region size 1024K, 1 young (1024K), 1 survivors (1024K)
 Metaspace       used 107256K, committed 108096K, reserved 1179648K
  class space    used 13972K, committed 14400K, reserved 1048576K
}
Event: 613.979 GC heap before
{Heap before GC invocations=159 (full 4):
 garbage-first heap   total 338944K, used 188424K [0x0000000780000000, 0x0000000800000000)
  region size 1024K, 16 young (16384K), 1 survivors (1024K)
 Metaspace       used 107256K, committed 108096K, reserved 1179648K
  class space    used 13972K, committed 14400K, reserved 1048576K
}
Event: 613.981 GC heap after
{Heap after GC invocations=160 (full 4):
 garbage-first heap   total 338944K, used 82756K [0x0000000780000000, 0x0000000800000000)
  region size 1024K, 1 young (1024K), 1 survivors (1024K)
 Metaspace       used 107256K, committed 108096K, reserved 1179648K
  class space    used 13972K, committed 14400K, reserved 1048576K
}
Event: 613.995 GC heap before
{Heap before GC invocations=160 (full 4):
 garbage-first heap   total 338944K, used 86852K [0x0000000780000000, 0x0000000800000000)
  region size 1024K, 6 young (6144K), 1 survivors (1024K)
 Metaspace       used 107256K, committed 108096K, reserved 1179648K
  class space    used 13972K, committed 14400K, reserved 1048576K
}
Event: 613.996 GC heap after
{Heap after GC invocations=161 (full 4):
 garbage-first heap   total 338944K, used 70424K [0x0000000780000000, 0x0000000800000000)
  region size 1024K, 1 young (1024K), 1 survivors (1024K)
 Metaspace       used 107256K, committed 108096K, reserved 1179648K
  class space    used 13972K, committed 14400K, reserved 1048576K
}
Event: 795.316 GC heap before
{Heap before GC invocations=162 (full 4):
 garbage-first heap   total 280576K, used 276248K [0x0000000780000000, 0x0000000800000000)
  region size 1024K, 198 young (202752K), 1 survivors (1024K)
 Metaspace       used 107755K, committed 108544K, reserved 1179648K
  class space    used 14046K, committed 14464K, reserved 1048576K
}
Event: 795.348 GC heap after
{Heap after GC invocations=163 (full 4):
 garbage-first heap   total 285696K, used 77128K [0x0000000780000000, 0x0000000800000000)
  region size 1024K, 6 young (6144K), 6 survivors (6144K)
 Metaspace       used 107755K, committed 108544K, reserved 1179648K
  class space    used 14046K, committed 14464K, reserved 1048576K
}
Event: 795.440 GC heap before
{Heap before GC invocations=163 (full 4):
 garbage-first heap   total 285696K, used 84296K [0x0000000780000000, 0x0000000800000000)
  region size 1024K, 13 young (13312K), 6 survivors (6144K)
 Metaspace       used 107755K, committed 108544K, reserved 1179648K
  class space    used 14046K, committed 14464K, reserved 1048576K
}
Event: 795.443 GC heap after
{Heap after GC invocations=164 (full 4):
 garbage-first heap   total 285696K, used 69633K [0x0000000780000000, 0x0000000800000000)
  region size 1024K, 1 young (1024K), 1 survivors (1024K)
 Metaspace       used 107755K, committed 108544K, reserved 1179648K
  class space    used 14046K, committed 14464K, reserved 1048576K
}
Event: 876.398 GC heap before
{Heap before GC invocations=164 (full 4):
 garbage-first heap   total 285696K, used 129025K [0x0000000780000000, 0x0000000800000000)
  region size 1024K, 61 young (62464K), 1 survivors (1024K)
 Metaspace       used 108324K, committed 109248K, reserved 1179648K
  class space    used 14117K, committed 14592K, reserved 1048576K
}
Event: 876.449 GC heap after
{Heap after GC invocations=165 (full 5):
 garbage-first heap   total 208896K, used 57457K [0x0000000780000000, 0x0000000800000000)
  region size 1024K, 0 young (0K), 0 survivors (0K)
 Metaspace       used 108324K, committed 109248K, reserved 1179648K
  class space    used 14117K, committed 14592K, reserved 1048576K
}
Event: 876.757 GC heap before
{Heap before GC invocations=165 (full 5):
 garbage-first heap   total 208896K, used 128113K [0x0000000780000000, 0x0000000800000000)
  region size 1024K, 70 young (71680K), 0 survivors (0K)
 Metaspace       used 108786K, committed 109760K, reserved 1179648K
  class space    used 14170K, committed 14656K, reserved 1048576K
}
Event: 876.761 GC heap after
{Heap after GC invocations=166 (full 5):
 garbage-first heap   total 208896K, used 61521K [0x0000000780000000, 0x0000000800000000)
  region size 1024K, 4 young (4096K), 4 survivors (4096K)
 Metaspace       used 108786K, committed 109760K, reserved 1179648K
  class space    used 14170K, committed 14656K, reserved 1048576K
}
Event: 877.088 GC heap before
{Heap before GC invocations=167 (full 5):
 garbage-first heap   total 208896K, used 174161K [0x0000000780000000, 0x0000000800000000)
  region size 1024K, 113 young (115712K), 4 survivors (4096K)
 Metaspace       used 109246K, committed 110144K, reserved 1179648K
  class space    used 14209K, committed 14656K, reserved 1048576K
}
Event: 877.090 GC heap after
{Heap after GC invocations=168 (full 5):
 garbage-first heap   total 208896K, used 63406K [0x0000000780000000, 0x0000000800000000)
  region size 1024K, 6 young (6144K), 6 survivors (6144K)
 Metaspace       used 109246K, committed 110144K, reserved 1179648K
  class space    used 14209K, committed 14656K, reserved 1048576K
}
Event: 877.096 GC heap before
{Heap before GC invocations=168 (full 5):
 garbage-first heap   total 208896K, used 67502K [0x0000000780000000, 0x0000000800000000)
  region size 1024K, 10 young (10240K), 6 survivors (6144K)
 Metaspace       used 109246K, committed 110144K, reserved 1179648K
  class space    used 14209K, committed 14656K, reserved 1048576K
}
Event: 877.100 GC heap after
{Heap after GC invocations=169 (full 5):
 garbage-first heap   total 208896K, used 63828K [0x0000000780000000, 0x0000000800000000)
  region size 1024K, 1 young (1024K), 1 survivors (1024K)
 Metaspace       used 109246K, committed 110144K, reserved 1179648K
  class space    used 14209K, committed 14656K, reserved 1048576K
}
Event: 877.286 GC heap before
{Heap before GC invocations=169 (full 5):
 garbage-first heap   total 208896K, used 172372K [0x0000000780000000, 0x0000000800000000)
  region size 1024K, 108 young (110592K), 1 survivors (1024K)
 Metaspace       used 109246K, committed 110144K, reserved 1179648K
  class space    used 14209K, committed 14656K, reserved 1048576K
}
Event: 877.288 GC heap after
{Heap after GC invocations=170 (full 5):
 garbage-first heap   total 208896K, used 65039K [0x0000000780000000, 0x0000000800000000)
  region size 1024K, 2 young (2048K), 2 survivors (2048K)
 Metaspace       used 109246K, committed 110144K, reserved 1179648K
  class space    used 14209K, committed 14656K, reserved 1048576K
}

