# JRE version: Java(TM) SE Runtime Environment (18.0.2.1+1) (build 18.0.2.1+1-1)
# Java VM: Java HotSpot(TM) 64-Bit Server VM (18.0.2.1+1-1, mixed mode, emulated-client, sharing, tiered, compressed oops, compressed class ptrs, g1 gc, bsd-aarch64)
GC Precious Log:
 CardTable entry size: 512
 Card Set container configuration: InlinePtr #cards 5 size 8 Array Of Cards #cards 12 size 40 Howl #buckets 4 coarsen threshold 1843 Howl Bitmap #cards 512 size 80 coarsen threshold 460 Card regions per heap region 1 cards per card region 2048
 CPUs: 8 total, 8 available
 Memory: 8192M
 Large Page Support: Disabled
 NUMA Support: Disabled
 Compressed Oops: Enabled (Zero based)
 Heap Region Size: 1M
 Heap Min Capacity: 8M
 Heap Initial Capacity: 128M
 Heap Max Capacity: 2G
 Pre-touch: Disabled
 Parallel Workers: 8
 Concurrent Workers: 2
 Concurrent Refinement Workers: 8
 Periodic GC: Disabled
Heap:
 garbage-first heap   total 226304K, used 135394K [0x0000000780000000, 0x0000000800000000)
  region size 1024K, 83 young (84992K), 11 survivors (11264K)
 Metaspace       used 99209K, committed 100096K, reserved 1179648K
  class space    used 13194K, committed 13632K, reserved 1048576K
GC Heap History (20 events):
Event: 17.403 GC heap before
{Heap before GC invocations=39 (full 0):
 garbage-first heap   total 226304K, used 160173K [0x0000000780000000, 0x0000000800000000)
  region size 1024K, 61 young (62464K), 1 survivors (1024K)
 Metaspace       used 78022K, committed 78784K, reserved 1179648K
  class space    used 10509K, committed 10944K, reserved 1048576K
}
Event: 17.404 GC heap after
{Heap after GC invocations=40 (full 0):
 garbage-first heap   total 226304K, used 84479K [0x0000000780000000, 0x0000000800000000)
  region size 1024K, 1 young (1024K), 1 survivors (1024K)
 Metaspace       used 78022K, committed 78784K, reserved 1179648K
  class space    used 10509K, committed 10944K, reserved 1048576K
}
Event: 17.498 GC heap before
{Heap before GC invocations=40 (full 0):
 garbage-first heap   total 226304K, used 124415K [0x0000000780000000, 0x0000000800000000)
  region size 1024K, 27 young (27648K), 1 survivors (1024K)
 Metaspace       used 78022K, committed 78784K, reserved 1179648K
  class space    used 10509K, committed 10944K, reserved 1048576K
}
Event: 17.499 GC heap after
{Heap after GC invocations=41 (full 0):
 garbage-first heap   total 226304K, used 66056K [0x0000000780000000, 0x0000000800000000)
  region size 1024K, 1 young (1024K), 1 survivors (1024K)
 Metaspace       used 78022K, committed 78784K, reserved 1179648K
  class space    used 10509K, committed 10944K, reserved 1048576K
}
Event: 17.681 GC heap before
{Heap before GC invocations=41 (full 0):
 garbage-first heap   total 226304K, used 142856K [0x0000000780000000, 0x0000000800000000)
  region size 1024K, 50 young (51200K), 1 survivors (1024K)
 Metaspace       used 78022K, committed 78784K, reserved 1179648K
  class space    used 10509K, committed 10944K, reserved 1048576K
}
Event: 17.682 GC heap after
{Heap after GC invocations=42 (full 0):
 garbage-first heap   total 226304K, used 79444K [0x0000000780000000, 0x0000000800000000)
  region size 1024K, 1 young (1024K), 1 survivors (1024K)
 Metaspace       used 78022K, committed 78784K, reserved 1179648K
  class space    used 10509K, committed 10944K, reserved 1048576K
}
Event: 17.765 GC heap before
{Heap before GC invocations=42 (full 0):
 garbage-first heap   total 226304K, used 116308K [0x0000000780000000, 0x0000000800000000)
  region size 1024K, 25 young (25600K), 1 survivors (1024K)
 Metaspace       used 78023K, committed 78784K, reserved 1179648K
  class space    used 10510K, committed 10944K, reserved 1048576K
}
Event: 17.766 GC heap after
{Heap after GC invocations=43 (full 0):
 garbage-first heap   total 226304K, used 65138K [0x0000000780000000, 0x0000000800000000)
  region size 1024K, 1 young (1024K), 1 survivors (1024K)
 Metaspace       used 78023K, committed 78784K, reserved 1179648K
  class space    used 10510K, committed 10944K, reserved 1048576K
}
Event: 17.966 GC heap before
{Heap before GC invocations=43 (full 0):
 garbage-first heap   total 226304K, used 154226K [0x0000000780000000, 0x0000000800000000)
  region size 1024K, 59 young (60416K), 1 survivors (1024K)
 Metaspace       used 78023K, committed 78784K, reserved 1179648K
  class space    used 10510K, committed 10944K, reserved 1048576K
}
Event: 17.967 GC heap after
{Heap after GC invocations=44 (full 0):
 garbage-first heap   total 226304K, used 82641K [0x0000000780000000, 0x0000000800000000)
  region size 1024K, 1 young (1024K), 1 survivors (1024K)
 Metaspace       used 78023K, committed 78784K, reserved 1179648K
  class space    used 10510K, committed 10944K, reserved 1048576K
}
Event: 18.064 GC heap before
{Heap before GC invocations=44 (full 0):
 garbage-first heap   total 226304K, used 125649K [0x0000000780000000, 0x0000000800000000)
  region size 1024K, 28 young (28672K), 1 survivors (1024K)
 Metaspace       used 78027K, committed 78848K, reserved 1179648K
  class space    used 10511K, committed 10944K, reserved 1048576K
}
Event: 18.065 GC heap after
{Heap after GC invocations=45 (full 0):
 garbage-first heap   total 226304K, used 68349K [0x0000000780000000, 0x0000000800000000)
  region size 1024K, 1 young (1024K), 1 survivors (1024K)
 Metaspace       used 78027K, committed 78848K, reserved 1179648K
  class space    used 10511K, committed 10944K, reserved 1048576K
}
Event: 18.265 GC heap before
{Heap before GC invocations=45 (full 0):
 garbage-first heap   total 226304K, used 158461K [0x0000000780000000, 0x0000000800000000)
  region size 1024K, 58 young (59392K), 1 survivors (1024K)
 Metaspace       used 78027K, committed 78848K, reserved 1179648K
  class space    used 10511K, committed 10944K, reserved 1048576K
}
Event: 18.266 GC heap after
{Heap after GC invocations=46 (full 0):
 garbage-first heap   total 226304K, used 84744K [0x0000000780000000, 0x0000000800000000)
  region size 1024K, 1 young (1024K), 1 survivors (1024K)
 Metaspace       used 78027K, committed 78848K, reserved 1179648K
  class space    used 10511K, committed 10944K, reserved 1048576K
}
Event: 28.148 GC heap before
{Heap before GC invocations=46 (full 0):
 garbage-first heap   total 226304K, used 213768K [0x0000000780000000, 0x0000000800000000)
  region size 1024K, 112 young (114688K), 1 survivors (1024K)
 Metaspace       used 83790K, committed 84608K, reserved 1179648K
  class space    used 11423K, committed 11840K, reserved 1048576K
}
Event: 28.155 GC heap after
{Heap after GC invocations=47 (full 0):
 garbage-first heap   total 226304K, used 72913K [0x0000000780000000, 0x0000000800000000)
  region size 1024K, 5 young (5120K), 5 survivors (5120K)
 Metaspace       used 83790K, committed 84608K, reserved 1179648K
  class space    used 11423K, committed 11840K, reserved 1048576K
}
Event: 54.238 GC heap before
{Heap before GC invocations=47 (full 0):
 garbage-first heap   total 226304K, used 192721K [0x0000000780000000, 0x0000000800000000)
  region size 1024K, 123 young (125952K), 5 survivors (5120K)
 Metaspace       used 92598K, committed 93440K, reserved 1179648K
  class space    used 12453K, committed 12864K, reserved 1048576K
}
Event: 54.265 GC heap after
{Heap after GC invocations=48 (full 0):
 garbage-first heap   total 226304K, used 59412K [0x0000000780000000, 0x0000000800000000)
  region size 1024K, 8 young (8192K), 8 survivors (8192K)
 Metaspace       used 92598K, committed 93440K, reserved 1179648K
  class space    used 12453K, committed 12864K, reserved 1048576K
}
Event: 317.498 GC heap before
{Heap before GC invocations=48 (full 0):
 garbage-first heap   total 226304K, used 186388K [0x0000000780000000, 0x0000000800000000)
  region size 1024K, 132 young (135168K), 8 survivors (8192K)
 Metaspace       used 99144K, committed 100032K, reserved 1179648K
  class space    used 13185K, committed 13632K, reserved 1048576K
}
Event: 317.535 GC heap after
{Heap after GC invocations=49 (full 0):
 garbage-first heap   total 226304K, used 62690K [0x0000000780000000, 0x0000000800000000)
  region size 1024K, 11 young (11264K), 11 survivors (11264K)
 Metaspace       used 99144K, committed 100032K, reserved 1179648K
  class space    used 13185K, committed 13632K, reserved 1048576K
}

